[0624/163528.000:ERROR:process_memory_win.cc(73)] ReadMemory at 0x1ddb6e507b0 of 72 bytes failed: Only part of a ReadProcessMemory or WriteProcessMemory request was completed. (0x12B)
[0624/163528.001:WARNING:pe_image_annotations_reader.cc(134)] could not read annotations list object in C:\Program Files (x86)\Google\Chrome\Application\83.0.4103.116\chrome_elf.dll
[0624/163528.002:ERROR:process_memory_win.cc(73)] ReadMemory at 0x1ddb72c56e0 of 72 bytes failed: Only part of a ReadProcessMemory or WriteProcessMemory request was completed. (0x12B)
[0624/163528.002:WARNING:pe_image_annotations_reader.cc(134)] could not read annotations list object in C:\Program Files (x86)\Google\Chrome\Application\83.0.4103.116\chrome.dll
[0624/163528.003:ERROR:process_memory_win.cc(73)] ReadMemory at 0x1ddb88a0000 of 64 bytes failed: Only part of a ReadProcessMemory or WriteProcessMemory request was completed. (0x12B)
[0624/163528.003:WARNING:pe_image_reader.cc(340)] could not read dos header from C:\Windows\System32\USER32.dll
[0624/163528.008:ERROR:process_memory_win.cc(73)] ReadMemory at 0x7ff7574d0000 of 64 bytes failed: Only part of a ReadProcessMemory or WriteProcessMemory request was completed. (0x12B)
[0624/163528.008:WARNING:pe_image_reader.cc(340)] could not read dos header from C:\Program Files (x86)\Google\Chrome\Application\chrome.exe
[0624/163528.008:ERROR:process_memory_win.cc(73)] ReadMemory at 0x1ddb6e507b0 of 72 bytes failed: Only part of a ReadProcessMemory or WriteProcessMemory request was completed. (0x12B)
[0624/163528.008:WARNING:pe_image_annotations_reader.cc(134)] could not read annotations list object in C:\Program Files (x86)\Google\Chrome\Application\83.0.4103.116\chrome_elf.dll
[0624/163528.009:ERROR:process_memory_win.cc(73)] ReadMemory at 0x7ffb481b0000 of 64 bytes failed: Only part of a ReadProcessMemory or WriteProcessMemory request was completed. (0x12B)
[0624/163528.009:WARNING:pe_image_reader.cc(340)] could not read dos header from C:\Program Files (x86)\Google\Chrome\Application\83.0.4103.116\chrome.dll
[0624/163528.009:ERROR:process_memory_win.cc(73)] ReadMemory at 0x7ffba43b0000 of 64 bytes failed: Only part of a ReadProcessMemory or WriteProcessMemory request was completed. (0x12B)
[0624/163528.009:WARNING:pe_image_reader.cc(340)] could not read dos header from C:\Windows\SYSTEM32\Secur32.dll
[0624/163528.009:ERROR:process_memory_win.cc(73)] ReadMemory at 0x7ffb8c240000 of 64 bytes failed: Only part of a ReadProcessMemory or WriteProcessMemory request was completed. (0x12B)
[0624/163528.009:WARNING:pe_image_reader.cc(340)] could not read dos header from C:\Windows\SYSTEM32\UIAutomationCore.DLL
[0624/163528.009:ERROR:process_memory_win.cc(73)] ReadMemory at 0x7ffba72e0000 of 64 bytes failed: Only part of a ReadProcessMemory or WriteProcessMemory request was completed. (0x12B)
[0624/163528.010:WARNING:pe_image_reader.cc(340)] could not read dos header from C:\Windows\SYSTEM32\DWrite.dll
[0624/163528.010:ERROR:process_memory_win.cc(73)] ReadMemory at 0x7ffba1460000 of 64 bytes failed: Only part of a ReadProcessMemory or WriteProcessMemory request was completed. (0x12B)
[0624/163528.010:WARNING:pe_image_reader.cc(340)] could not read dos header from C:\Windows\SYSTEM32\WINSPOOL.DRV
[0624/163528.010:ERROR:process_memory_win.cc(73)] ReadMemory at 0x7ffbb5230000 of 64 bytes failed: Only part of a ReadProcessMemory or WriteProcessMemory request was completed. (0x12B)
[0624/163528.010:WARNING:pe_image_reader.cc(340)] could not read dos header from C:\Windows\System32\kernel.appcore.dll
[0624/163528.010:ERROR:process_memory_win.cc(73)] ReadMemory at 0x7ffbb5410000 of 64 bytes failed: Only part of a ReadProcessMemory or WriteProcessMemory request was completed. (0x12B)
[0624/163528.010:WARNING:pe_image_reader.cc(340)] could not read dos header from C:\Windows\System32\bcrypt.dll
[0624/163528.010:ERROR:process_memory_win.cc(73)] ReadMemory at 0x7ffba7d90000 of 64 bytes failed: Only part of a ReadProcessMemory or WriteProcessMemory request was completed. (0x12B)
[0624/163528.010:WARNING:pe_image_reader.cc(340)] could not read dos header from C:\Windows\SYSTEM32\dbghelp.dll
[0624/163528.010:ERROR:process_memory_win.cc(73)] ReadMemory at 0x7ffba5c30000 of 64 bytes failed: Only part of a ReadProcessMemory or WriteProcessMemory request was completed. (0x12B)
[0624/163528.010:WARNING:pe_image_reader.cc(340)] could not read dos header from C:\Windows\SYSTEM32\WINHTTP.dll
[0624/163528.010:ERROR:process_memory_win.cc(73)] ReadMemory at 0x7ffba5fa0000 of 64 bytes failed: Only part of a ReadProcessMemory or WriteProcessMemory request was completed. (0x12B)
[0624/163528.010:WARNING:pe_image_reader.cc(340)] could not read dos header from C:\Windows\SYSTEM32\dhcpcsvc.DLL
[0624/163528.010:ERROR:process_memory_win.cc(73)] ReadMemory at 0x7ffbb1ea0000 of 64 bytes failed: Only part of a ReadProcessMemory or WriteProcessMemory request was completed. (0x12B)
[0624/163528.010:WARNING:pe_image_reader.cc(340)] could not read dos header from C:\Windows\SYSTEM32\WINMMBASE.dll
[0624/163528.010:ERROR:process_memory_win.cc(73)] ReadMemory at 0x7ffbb5e70000 of 64 bytes failed: Only part of a ReadProcessMemory or WriteProcessMemory request was completed. (0x12B)
[0624/163528.010:WARNING:pe_image_reader.cc(340)] could not read dos header from C:\Windows\System32\cfgmgr32.dll
[0624/163528.011:ERROR:process_memory_win.cc(73)] ReadMemory at 0x7ffbb19f0000 of 64 bytes failed: Only part of a ReadProcessMemory or WriteProcessMemory request was completed. (0x12B)
[0624/163528.011:WARNING:pe_image_reader.cc(340)] could not read dos header from C:\Windows\SYSTEM32\PROPSYS.dll
[0624/163528.011:ERROR:process_memory_win.cc(73)] ReadMemory at 0x7ffbb5110000 of 64 bytes failed: Only part of a ReadProcessMemory or WriteProcessMemory request was completed. (0x12B)
[0624/163528.011:WARNING:pe_image_reader.cc(340)] could not read dos header from C:\Windows\SYSTEM32\SSPICLI.DLL
[0624/163528.011:ERROR:process_memory_win.cc(73)] ReadMemory at 0x7ffbb6b30000 of 64 bytes failed: Only part of a ReadProcessMemory or WriteProcessMemory request was completed. (0x12B)
[0624/163528.011:WARNING:pe_image_reader.cc(340)] could not read dos header from C:\Windows\System32\SHELL32.dll
[0624/163528.011:ERROR:process_memory_win.cc(73)] ReadMemory at 0x7ffbb5640000 of 64 bytes failed: Only part of a ReadProcessMemory or WriteProcessMemory request was completed. (0x12B)
[0624/163528.011:WARNING:pe_image_reader.cc(340)] could not read dos header from C:\Windows\System32\windows.storage.dll
[0624/163528.011:ERROR:process_memory_win.cc(73)] ReadMemory at 0x7ffbb52a0000 of 64 bytes failed: Only part of a ReadProcessMemory or WriteProcessMemory request was completed. (0x12B)
[0624/163528.011:WARNING:pe_image_reader.cc(340)] could not read dos header from C:\Windows\System32\powrprof.dll
[0624/163528.011:ERROR:process_memory_win.cc(73)] ReadMemory at 0x7ffbb5220000 of 64 bytes failed: Only part of a ReadProcessMemory or WriteProcessMemory request was completed. (0x12B)
[0624/163528.011:WARNING:pe_image_reader.cc(340)] could not read dos header from C:\Windows\System32\UMPDC.dll
[0624/163528.011:ERROR:process_memory_win.cc(73)] ReadMemory at 0x7ffbb7360000 of 64 bytes failed: Only part of a ReadProcessMemory or WriteProcessMemory request was completed. (0x12B)
[0624/163528.011:WARNING:pe_image_reader.cc(340)] could not read dos header from C:\Windows\System32\shlwapi.dll
[0624/163528.011:ERROR:process_memory_win.cc(73)] ReadMemory at 0x7ffbb5dc0000 of 64 bytes failed: Only part of a ReadProcessMemory or WriteProcessMemory request was completed. (0x12B)
[0624/163528.011:WARNING:pe_image_reader.cc(340)] could not read dos header from C:\Windows\System32\win32u.dll
[0624/163528.011:ERROR:process_memory_win.cc(73)] ReadMemory at 0x7ffbb5fc0000 of 64 bytes failed: Only part of a ReadProcessMemory or WriteProcessMemory request was completed. (0x12B)
[0624/163528.011:WARNING:pe_image_reader.cc(340)] could not read dos header from C:\Windows\System32\gdi32full.dll
[0624/163528.012:ERROR:process_memory_win.cc(73)] ReadMemory at 0x1ddb88a0000 of 64 bytes failed: Only part of a ReadProcessMemory or WriteProcessMemory request was completed. (0x12B)
[0624/163528.012:WARNING:pe_image_reader.cc(340)] could not read dos header from C:\Windows\System32\USER32.dll
[0624/163528.012:ERROR:process_memory_win.cc(73)] ReadMemory at 0x7ffbb5350000 of 64 bytes failed: Only part of a ReadProcessMemory or WriteProcessMemory request was completed. (0x12B)
[0624/163528.012:WARNING:pe_image_reader.cc(340)] could not read dos header from C:\Windows\System32\cryptsp.dll
[0624/163528.012:ERROR:process_memory_win.cc(73)] ReadMemory at 0x7ffbb7d80000 of 64 bytes failed: Only part of a ReadProcessMemory or WriteProcessMemory request was completed. (0x12B)
[0624/163528.012:WARNING:pe_image_reader.cc(340)] could not read dos header from C:\Windows\System32\IMM32.DLL
[0624/163528.012:ERROR:process_memory_win.cc(73)] ReadMemory at 0x7ffbb4c60000 of 64 bytes failed: Only part of a ReadProcessMemory or WriteProcessMemory request was completed. (0x12B)
[0624/163528.012:WARNING:pe_image_reader.cc(340)] could not read dos header from C:\Windows\SYSTEM32\CRYPTBASE.DLL
[0624/163528.012:ERROR:process_memory_win.cc(73)] ReadMemory at 0x7ff7574d0000 of 64 bytes failed: Only part of a ReadProcessMemory or WriteProcessMemory request was completed. (0x12B)
[0624/163528.012:WARNING:pe_image_reader.cc(340)] could not read dos header from C:\Program Files (x86)\Google\Chrome\Application\chrome.exe
[0624/163528.012:ERROR:process_memory_win.cc(73)] ReadMemory at 0x7ffbb8360000 of 64 bytes failed: Only part of a ReadProcessMemory or WriteProcessMemory request was completed. (0x12B)
[0624/163528.013:WARNING:pe_image_reader.cc(340)] could not read dos header from C:\Windows\SYSTEM32\ntdll.dll
[0624/163528.013:ERROR:process_memory_win.cc(73)] ReadMemory at 0x7ffbb64c0000 of 64 bytes failed: Only part of a ReadProcessMemory or WriteProcessMemory request was completed. (0x12B)
[0624/163528.013:WARNING:pe_image_reader.cc(340)] could not read dos header from C:\Windows\System32\KERNEL32.DLL
[0624/163528.013:ERROR:process_memory_win.cc(73)] ReadMemory at 0x7ffbb6160000 of 64 bytes failed: Only part of a ReadProcessMemory or WriteProcessMemory request was completed. (0x12B)
[0624/163528.013:WARNING:pe_image_reader.cc(340)] could not read dos header from C:\Windows\System32\KERNELBASE.dll
[0624/163528.013:ERROR:process_memory_win.cc(73)] ReadMemory at 0x7ffb65070000 of 64 bytes failed: Only part of a ReadProcessMemory or WriteProcessMemory request was completed. (0x12B)
[0624/163528.013:WARNING:pe_image_reader.cc(340)] could not read dos header from C:\Program Files (x86)\Google\Chrome\Application\83.0.4103.116\chrome_elf.dll
[0624/163528.013:ERROR:process_memory_win.cc(73)] ReadMemory at 0x7ffba8670000 of 64 bytes failed: Only part of a ReadProcessMemory or WriteProcessMemory request was completed. (0x12B)
[0624/163528.013:WARNING:pe_image_reader.cc(340)] could not read dos header from C:\Windows\SYSTEM32\VERSION.dll
[0624/163528.013:ERROR:process_memory_win.cc(73)] ReadMemory at 0x7ffbb7700000 of 64 bytes failed: Only part of a ReadProcessMemory or WriteProcessMemory request was completed. (0x12B)
[0624/163528.013:WARNING:pe_image_reader.cc(340)] could not read dos header from C:\Windows\System32\msvcrt.dll
[0624/163528.013:ERROR:process_memory_win.cc(73)] ReadMemory at 0x7ffbb5df0000 of 64 bytes failed: Only part of a ReadProcessMemory or WriteProcessMemory request was completed. (0x12B)
[0624/163528.013:WARNING:pe_image_reader.cc(340)] could not read dos header from C:\Windows\System32\bcryptPrimitives.dll
[0624/163528.014:ERROR:process_memory_win.cc(73)] ReadMemory at 0x7ffbb7230000 of 64 bytes failed: Only part of a ReadProcessMemory or WriteProcessMemory request was completed. (0x12B)
[0624/163528.014:WARNING:pe_image_reader.cc(340)] could not read dos header from C:\Windows\System32\ADVAPI32.dll
[0624/163528.014:ERROR:process_memory_win.cc(73)] ReadMemory at 0x7ffbb7ce0000 of 64 bytes failed: Only part of a ReadProcessMemory or WriteProcessMemory request was completed. (0x12B)
[0624/163528.014:WARNING:pe_image_reader.cc(340)] could not read dos header from C:\Windows\System32\sechost.dll
[0624/163528.014:ERROR:process_memory_win.cc(73)] ReadMemory at 0x7ffbb7820000 of 64 bytes failed: Only part of a ReadProcessMemory or WriteProcessMemory request was completed. (0x12B)
[0624/163528.014:WARNING:pe_image_reader.cc(340)] could not read dos header from C:\Windows\System32\RPCRT4.dll
[0624/163528.014:ERROR:process_memory_win.cc(73)] ReadMemory at 0x7ffb481b0000 of 64 bytes failed: Only part of a ReadProcessMemory or WriteProcessMemory request was completed. (0x12B)
[0624/163528.014:WARNING:pe_image_reader.cc(340)] could not read dos header from C:\Program Files (x86)\Google\Chrome\Application\83.0.4103.116\chrome.dll
[0624/163528.014:ERROR:process_memory_win.cc(73)] ReadMemory at 0x7ffbb72e0000 of 64 bytes failed: Only part of a ReadProcessMemory or WriteProcessMemory request was completed. (0x12B)
[0624/163528.014:WARNING:pe_image_reader.cc(340)] could not read dos header from C:\Windows\System32\WS2_32.dll
[0624/163528.014:ERROR:process_memory_win.cc(73)] ReadMemory at 0x7ffbb6a60000 of 64 bytes failed: Only part of a ReadProcessMemory or WriteProcessMemory request was completed. (0x12B)
[0624/163528.014:WARNING:pe_image_reader.cc(340)] could not read dos header from C:\Windows\System32\OLEAUT32.dll
[0624/163528.014:ERROR:process_memory_win.cc(73)] ReadMemory at 0x7ffbb5370000 of 64 bytes failed: Only part of a ReadProcessMemory or WriteProcessMemory request was completed. (0x12B)
[0624/163528.014:WARNING:pe_image_reader.cc(340)] could not read dos header from C:\Windows\System32\msvcp_win.dll
[0624/163528.015:ERROR:process_memory_win.cc(73)] ReadMemory at 0x7ffbb5ec0000 of 64 bytes failed: Only part of a ReadProcessMemory or WriteProcessMemory request was completed. (0x12B)
[0624/163528.015:WARNING:pe_image_reader.cc(340)] could not read dos header from C:\Windows\System32\ucrtbase.dll
[0624/163528.015:ERROR:process_memory_win.cc(73)] ReadMemory at 0x7ffbb73c0000 of 64 bytes failed: Only part of a ReadProcessMemory or WriteProcessMemory request was completed. (0x12B)
[0624/163528.015:WARNING:pe_image_reader.cc(340)] could not read dos header from C:\Windows\System32\combase.dll
[0624/163528.015:ERROR:process_memory_win.cc(73)] ReadMemory at 0x7ffbb52f0000 of 64 bytes failed: Only part of a ReadProcessMemory or WriteProcessMemory request was completed. (0x12B)
[0624/163528.015:WARNING:pe_image_reader.cc(340)] could not read dos header from C:\Windows\System32\WINTRUST.dll
[0624/163528.015:ERROR:process_memory_win.cc(73)] ReadMemory at 0x7ffbb5250000 of 64 bytes failed: Only part of a ReadProcessMemory or WriteProcessMemory request was completed. (0x12B)
[0624/163528.015:WARNING:pe_image_reader.cc(340)] could not read dos header from C:\Windows\System32\MSASN1.dll
[0624/163528.015:ERROR:process_memory_win.cc(73)] ReadMemory at 0x7ffbb54f0000 of 64 bytes failed: Only part of a ReadProcessMemory or WriteProcessMemory request was completed. (0x12B)
[0624/163528.015:WARNING:pe_image_reader.cc(340)] could not read dos header from C:\Windows\System32\CRYPT32.dll
[0624/163528.015:ERROR:process_memory_win.cc(73)] ReadMemory at 0x7ffbb47a0000 of 64 bytes failed: Only part of a ReadProcessMemory or WriteProcessMemory request was completed. (0x12B)
[0624/163528.015:WARNING:pe_image_reader.cc(340)] could not read dos header from C:\Windows\SYSTEM32\IPHLPAPI.DLL
[0624/163528.016:ERROR:process_memory_win.cc(73)] ReadMemory at 0x7ffbb1ed0000 of 64 bytes failed: Only part of a ReadProcessMemory or WriteProcessMemory request was completed. (0x12B)
[0624/163528.016:WARNING:pe_image_reader.cc(340)] could not read dos header from C:\Windows\SYSTEM32\WINMM.dll
[0624/163528.016:ERROR:process_memory_win.cc(73)] ReadMemory at 0x7ffba43b0000 of 64 bytes failed: Only part of a ReadProcessMemory or WriteProcessMemory request was completed. (0x12B)
[0624/163528.016:WARNING:pe_image_reader.cc(340)] could not read dos header from C:\Windows\SYSTEM32\Secur32.dll
[0624/163528.016:ERROR:process_memory_win.cc(73)] ReadMemory at 0x7ffbb5140000 of 64 bytes failed: Only part of a ReadProcessMemory or WriteProcessMemory request was completed. (0x12B)
[0624/163528.016:WARNING:pe_image_reader.cc(340)] could not read dos header from C:\Windows\SYSTEM32\USERENV.dll
[0624/163528.016:ERROR:process_memory_win.cc(73)] ReadMemory at 0x7ffbb5270000 of 64 bytes failed: Only part of a ReadProcessMemory or WriteProcessMemory request was completed. (0x12B)
[0624/163528.016:WARNING:pe_image_reader.cc(340)] could not read dos header from C:\Windows\System32\profapi.dll
[0624/163528.016:ERROR:process_memory_win.cc(73)] ReadMemory at 0x7ffb8c240000 of 64 bytes failed: Only part of a ReadProcessMemory or WriteProcessMemory request was completed. (0x12B)
[0624/163528.016:WARNING:pe_image_reader.cc(340)] could not read dos header from C:\Windows\SYSTEM32\UIAutomationCore.DLL
[0624/163528.016:ERROR:process_memory_win.cc(73)] ReadMemory at 0x7ffba72e0000 of 64 bytes failed: Only part of a ReadProcessMemory or WriteProcessMemory request was completed. (0x12B)
[0624/163528.017:WARNING:pe_image_reader.cc(340)] could not read dos header from C:\Windows\SYSTEM32\DWrite.dll
[0624/163528.017:ERROR:process_memory_win.cc(73)] ReadMemory at 0x7ffba1460000 of 64 bytes failed: Only part of a ReadProcessMemory or WriteProcessMemory request was completed. (0x12B)
[0624/163528.017:WARNING:pe_image_reader.cc(340)] could not read dos header from C:\Windows\SYSTEM32\WINSPOOL.DRV
[0624/163528.017:ERROR:process_memory_win.cc(73)] ReadMemory at 0x7ffbb5230000 of 64 bytes failed: Only part of a ReadProcessMemory or WriteProcessMemory request was completed. (0x12B)
[0624/163528.017:WARNING:pe_image_reader.cc(340)] could not read dos header from C:\Windows\System32\kernel.appcore.dll
[0624/163528.017:ERROR:process_memory_win.cc(73)] ReadMemory at 0x7ffbb5410000 of 64 bytes failed: Only part of a ReadProcessMemory or WriteProcessMemory request was completed. (0x12B)
[0624/163528.017:WARNING:pe_image_reader.cc(340)] could not read dos header from C:\Windows\System32\bcrypt.dll
[0624/163528.017:ERROR:process_memory_win.cc(73)] ReadMemory at 0x7ffba7d90000 of 64 bytes failed: Only part of a ReadProcessMemory or WriteProcessMemory request was completed. (0x12B)
[0624/163528.017:WARNING:pe_image_reader.cc(340)] could not read dos header from C:\Windows\SYSTEM32\dbghelp.dll
[0624/163528.017:ERROR:process_memory_win.cc(73)] ReadMemory at 0x7ffba5c30000 of 64 bytes failed: Only part of a ReadProcessMemory or WriteProcessMemory request was completed. (0x12B)
[0624/163528.017:WARNING:pe_image_reader.cc(340)] could not read dos header from C:\Windows\SYSTEM32\WINHTTP.dll
[0624/163528.017:ERROR:process_memory_win.cc(73)] ReadMemory at 0x7ffba5fa0000 of 64 bytes failed: Only part of a ReadProcessMemory or WriteProcessMemory request was completed. (0x12B)
[0624/163528.017:WARNING:pe_image_reader.cc(340)] could not read dos header from C:\Windows\SYSTEM32\dhcpcsvc.DLL
[0624/163528.018:ERROR:process_memory_win.cc(73)] ReadMemory at 0x7ffbb6a50000 of 64 bytes failed: Only part of a ReadProcessMemory or WriteProcessMemory request was completed. (0x12B)
[0624/163528.018:WARNING:pe_image_reader.cc(340)] could not read dos header from C:\Windows\System32\NSI.dll
[0624/163528.018:ERROR:process_memory_win.cc(73)] ReadMemory at 0x7ffbb1ea0000 of 64 bytes failed: Only part of a ReadProcessMemory or WriteProcessMemory request was completed. (0x12B)
[0624/163528.018:WARNING:pe_image_reader.cc(340)] could not read dos header from C:\Windows\SYSTEM32\WINMMBASE.dll
[0624/163528.018:ERROR:process_memory_win.cc(73)] ReadMemory at 0x7ffbb5e70000 of 64 bytes failed: Only part of a ReadProcessMemory or WriteProcessMemory request was completed. (0x12B)
[0624/163528.018:WARNING:pe_image_reader.cc(340)] could not read dos header from C:\Windows\System32\cfgmgr32.dll
[0624/163528.018:ERROR:process_memory_win.cc(73)] ReadMemory at 0x7ffbb19f0000 of 64 bytes failed: Only part of a ReadProcessMemory or WriteProcessMemory request was completed. (0x12B)
[0624/163528.018:WARNING:pe_image_reader.cc(340)] could not read dos header from C:\Windows\SYSTEM32\PROPSYS.dll
[0624/163528.018:ERROR:process_memory_win.cc(73)] ReadMemory at 0x7ffbb7c30000 of 64 bytes failed: Only part of a ReadProcessMemory or WriteProcessMemory request was completed. (0x12B)
[0624/163528.018:WARNING:pe_image_reader.cc(340)] could not read dos header from C:\Windows\System32\shcore.dll
[0624/163528.018:ERROR:process_memory_win.cc(73)] ReadMemory at 0x7ffbb5110000 of 64 bytes failed: Only part of a ReadProcessMemory or WriteProcessMemory request was completed. (0x12B)
[0624/163528.018:WARNING:pe_image_reader.cc(340)] could not read dos header from C:\Windows\SYSTEM32\SSPICLI.DLL
[0624/163528.018:ERROR:process_memory_win.cc(73)] ReadMemory at 0x7ffbb6b30000 of 64 bytes failed: Only part of a ReadProcessMemory or WriteProcessMemory request was completed. (0x12B)
[0624/163528.018:WARNING:pe_image_reader.cc(340)] could not read dos header from C:\Windows\System32\SHELL32.dll
[0624/163528.019:ERROR:process_memory_win.cc(73)] ReadMemory at 0x7ffbb5640000 of 64 bytes failed: Only part of a ReadProcessMemory or WriteProcessMemory request was completed. (0x12B)
[0624/163528.019:WARNING:pe_image_reader.cc(340)] could not read dos header from C:\Windows\System32\windows.storage.dll
[0624/163528.019:ERROR:process_memory_win.cc(73)] ReadMemory at 0x7ffbb52a0000 of 64 bytes failed: Only part of a ReadProcessMemory or WriteProcessMemory request was completed. (0x12B)
[0624/163528.019:WARNING:pe_image_reader.cc(340)] could not read dos header from C:\Windows\System32\powrprof.dll
[0624/163528.019:ERROR:process_memory_win.cc(73)] ReadMemory at 0x7ffbb5220000 of 64 bytes failed: Only part of a ReadProcessMemory or WriteProcessMemory request was completed. (0x12B)
[0624/163528.019:WARNING:pe_image_reader.cc(340)] could not read dos header from C:\Windows\System32\UMPDC.dll
[0624/163528.019:ERROR:process_memory_win.cc(73)] ReadMemory at 0x7ffbb7360000 of 64 bytes failed: Only part of a ReadProcessMemory or WriteProcessMemory request was completed. (0x12B)
[0624/163528.019:WARNING:pe_image_reader.cc(340)] could not read dos header from C:\Windows\System32\shlwapi.dll
[0624/163528.019:ERROR:process_memory_win.cc(73)] ReadMemory at 0x7ffbb82f0000 of 64 bytes failed: Only part of a ReadProcessMemory or WriteProcessMemory request was completed. (0x12B)
[0624/163528.019:WARNING:pe_image_reader.cc(340)] could not read dos header from C:\Windows\System32\GDI32.dll
[0624/163528.019:ERROR:process_memory_win.cc(73)] ReadMemory at 0x7ffbb5dc0000 of 64 bytes failed: Only part of a ReadProcessMemory or WriteProcessMemory request was completed. (0x12B)
[0624/163528.020:WARNING:pe_image_reader.cc(340)] could not read dos header from C:\Windows\System32\win32u.dll
[0624/163528.020:ERROR:process_memory_win.cc(73)] ReadMemory at 0x7ffbb5fc0000 of 64 bytes failed: Only part of a ReadProcessMemory or WriteProcessMemory request was completed. (0x12B)
[0624/163528.020:WARNING:pe_image_reader.cc(340)] could not read dos header from C:\Windows\System32\gdi32full.dll
[0624/163528.020:ERROR:process_memory_win.cc(73)] ReadMemory at 0x1ddb88a0000 of 64 bytes failed: Only part of a ReadProcessMemory or WriteProcessMemory request was completed. (0x12B)
[0624/163528.020:WARNING:pe_image_reader.cc(340)] could not read dos header from C:\Windows\System32\USER32.dll
[0624/163528.020:ERROR:process_memory_win.cc(73)] ReadMemory at 0x7ffbb5350000 of 64 bytes failed: Only part of a ReadProcessMemory or WriteProcessMemory request was completed. (0x12B)
[0624/163528.020:WARNING:pe_image_reader.cc(340)] could not read dos header from C:\Windows\System32\cryptsp.dll
[0624/163528.020:ERROR:process_memory_win.cc(73)] ReadMemory at 0x7ffbb7d80000 of 64 bytes failed: Only part of a ReadProcessMemory or WriteProcessMemory request was completed. (0x12B)
[0624/163528.020:WARNING:pe_image_reader.cc(340)] could not read dos header from C:\Windows\System32\IMM32.DLL
[0624/163528.020:ERROR:process_memory_win.cc(73)] ReadMemory at 0x7ffbb4c60000 of 64 bytes failed: Only part of a ReadProcessMemory or WriteProcessMemory request was completed. (0x12B)
[0624/163528.020:WARNING:pe_image_reader.cc(340)] could not read dos header from C:\Windows\SYSTEM32\CRYPTBASE.DLL
[0624/163528.047:ERROR:process_memory_win.cc(73)] ReadMemory at 0x7b721f9000 of 28672 bytes failed: Only part of a ReadProcessMemory or WriteProcessMemory request was completed. (0x12B)
[0624/163528.048:ERROR:process_memory_win.cc(73)] ReadMemory at 0x7b729fd000 of 12288 bytes failed: Only part of a ReadProcessMemory or WriteProcessMemory request was completed. (0x12B)
[0624/163528.048:ERROR:process_memory_win.cc(73)] ReadMemory at 0x7b731fc000 of 16384 bytes failed: Only part of a ReadProcessMemory or WriteProcessMemory request was completed. (0x12B)
[0624/163528.048:ERROR:process_memory_win.cc(73)] ReadMemory at 0x7b739fc000 of 16384 bytes failed: Only part of a ReadProcessMemory or WriteProcessMemory request was completed. (0x12B)
[0624/163528.048:ERROR:process_memory_win.cc(73)] ReadMemory at 0x7b741fb000 of 20480 bytes failed: Only part of a ReadProcessMemory or WriteProcessMemory request was completed. (0x12B)
[0624/163528.049:ERROR:process_memory_win.cc(73)] ReadMemory at 0x7b749fe000 of 8192 bytes failed: Only part of a ReadProcessMemory or WriteProcessMemory request was completed. (0x12B)
[0624/163528.049:ERROR:process_memory_win.cc(73)] ReadMemory at 0x7b751fd000 of 12288 bytes failed: Only part of a ReadProcessMemory or WriteProcessMemory request was completed. (0x12B)
[0624/163528.049:ERROR:process_memory_win.cc(73)] ReadMemory at 0x7b759fb000 of 20480 bytes failed: Only part of a ReadProcessMemory or WriteProcessMemory request was completed. (0x12B)
[0624/163528.049:ERROR:process_memory_win.cc(73)] ReadMemory at 0x7b761fd000 of 12288 bytes failed: Only part of a ReadProcessMemory or WriteProcessMemory request was completed. (0x12B)
[0624/163528.049:ERROR:process_memory_win.cc(73)] ReadMemory at 0x7b769fd000 of 12288 bytes failed: Only part of a ReadProcessMemory or WriteProcessMemory request was completed. (0x12B)
[0624/163528.050:ERROR:process_memory_win.cc(73)] ReadMemory at 0x7b771fd000 of 12288 bytes failed: Only part of a ReadProcessMemory or WriteProcessMemory request was completed. (0x12B)
[0624/163528.050:ERROR:process_memory_win.cc(73)] ReadMemory at 0x7b779fd000 of 12288 bytes failed: Only part of a ReadProcessMemory or WriteProcessMemory request was completed. (0x12B)
[0624/163528.050:ERROR:process_memory_win.cc(73)] ReadMemory at 0x7b781fd000 of 12288 bytes failed: Only part of a ReadProcessMemory or WriteProcessMemory request was completed. (0x12B)
[0624/163528.050:ERROR:process_memory_win.cc(73)] ReadMemory at 0x7b789fd000 of 12288 bytes failed: Only part of a ReadProcessMemory or WriteProcessMemory request was completed. (0x12B)
[0624/163528.051:ERROR:process_memory_win.cc(73)] ReadMemory at 0x7b791fd000 of 12288 bytes failed: Only part of a ReadProcessMemory or WriteProcessMemory request was completed. (0x12B)
[0624/163528.051:ERROR:process_memory_win.cc(73)] ReadMemory at 0x7b718cf000 of 852 bytes failed: Only part of a ReadProcessMemory or WriteProcessMemory request was completed. (0x12B)
[0624/163528.051:ERROR:process_memory_win.cc(73)] ReadMemory at 0x7b718d0000 of 6024 bytes failed: Only part of a ReadProcessMemory or WriteProcessMemory request was completed. (0x12B)
[0624/163528.051:ERROR:process_memory_win.cc(73)] ReadMemory at 0x7b718d2000 of 6024 bytes failed: Only part of a ReadProcessMemory or WriteProcessMemory request was completed. (0x12B)
[0624/163528.051:ERROR:process_memory_win.cc(73)] ReadMemory at 0x7b718d4000 of 6024 bytes failed: Only part of a ReadProcessMemory or WriteProcessMemory request was completed. (0x12B)
[0624/163528.051:ERROR:process_memory_win.cc(73)] ReadMemory at 0x7b718d6000 of 6024 bytes failed: Only part of a ReadProcessMemory or WriteProcessMemory request was completed. (0x12B)
[0624/163528.052:ERROR:process_memory_win.cc(73)] ReadMemory at 0x7b718d8000 of 6024 bytes failed: Only part of a ReadProcessMemory or WriteProcessMemory request was completed. (0x12B)
[0624/163528.052:ERROR:process_memory_win.cc(73)] ReadMemory at 0x7b718da000 of 6024 bytes failed: Only part of a ReadProcessMemory or WriteProcessMemory request was completed. (0x12B)
[0624/163528.052:ERROR:process_memory_win.cc(73)] ReadMemory at 0x7b718dc000 of 6024 bytes failed: Only part of a ReadProcessMemory or WriteProcessMemory request was completed. (0x12B)
[0624/163528.052:ERROR:process_memory_win.cc(73)] ReadMemory at 0x7b718de000 of 6024 bytes failed: Only part of a ReadProcessMemory or WriteProcessMemory request was completed. (0x12B)
[0624/163528.053:ERROR:process_memory_win.cc(73)] ReadMemory at 0x7b718e0000 of 6024 bytes failed: Only part of a ReadProcessMemory or WriteProcessMemory request was completed. (0x12B)
[0624/163528.053:ERROR:process_memory_win.cc(73)] ReadMemory at 0x7b718e2000 of 6024 bytes failed: Only part of a ReadProcessMemory or WriteProcessMemory request was completed. (0x12B)
[0624/163528.053:ERROR:process_memory_win.cc(73)] ReadMemory at 0x7b718e4000 of 6024 bytes failed: Only part of a ReadProcessMemory or WriteProcessMemory request was completed. (0x12B)
[0624/163528.053:ERROR:process_memory_win.cc(73)] ReadMemory at 0x7b718e6000 of 6024 bytes failed: Only part of a ReadProcessMemory or WriteProcessMemory request was completed. (0x12B)
[0624/163528.053:ERROR:process_memory_win.cc(73)] ReadMemory at 0x7b718e8000 of 6024 bytes failed: Only part of a ReadProcessMemory or WriteProcessMemory request was completed. (0x12B)
[0624/163528.053:ERROR:process_memory_win.cc(73)] ReadMemory at 0x7b718ea000 of 6024 bytes failed: Only part of a ReadProcessMemory or WriteProcessMemory request was completed. (0x12B)
[0624/163528.053:ERROR:process_memory_win.cc(73)] ReadMemory at 0x7b718ec000 of 6024 bytes failed: Only part of a ReadProcessMemory or WriteProcessMemory request was completed. (0x12B)
[0624/163528.054:ERROR:process_memory_win.cc(73)] ReadMemory at 0x1ddb6c40fe0 of 5136 bytes failed: Only part of a ReadProcessMemory or WriteProcessMemory request was completed. (0x12B)
[0624/163528.054:ERROR:process_memory_win.cc(73)] ReadMemory at 0x1ddb6c42400 of 1012 bytes failed: Only part of a ReadProcessMemory or WriteProcessMemory request was completed. (0x12B)
[0624/163528.054:ERROR:process_memory_win.cc(73)] ReadMemory at 0x1ddb6c42a48 of 118 bytes failed: Only part of a ReadProcessMemory or WriteProcessMemory request was completed. (0x12B)
[0624/163528.054:ERROR:process_memory_win.cc(73)] ReadMemory at 0x1ddb6c42ac0 of 1256 bytes failed: Only part of a ReadProcessMemory or WriteProcessMemory request was completed. (0x12B)
[0624/163528.054:ERROR:process_memory_win.cc(73)] ReadMemory at 0x1ddb6c42faa of 118 bytes failed: Only part of a ReadProcessMemory or WriteProcessMemory request was completed. (0x12B)
[0624/163528.055:ERROR:process_memory_win.cc(73)] ReadMemory at 0x1ddb6c43022 of 96 bytes failed: Only part of a ReadProcessMemory or WriteProcessMemory request was completed. (0x12B)
[0624/163528.055:ERROR:process_memory_win.cc(73)] ReadMemory at 0x1ddb6c43090 of 58 bytes failed: Only part of a ReadProcessMemory or WriteProcessMemory request was completed. (0x12B)
[0624/163528.055:ERROR:process_memory_win.cc(73)] ReadMemory at 0x1ddb6c43190 of 132 bytes failed: Only part of a ReadProcessMemory or WriteProcessMemory request was completed. (0x12B)
[0624/163528.055:ERROR:process_memory_win.cc(73)] ReadMemory at 0x1ddb6c43320 of 132 bytes failed: Only part of a ReadProcessMemory or WriteProcessMemory request was completed. (0x12B)
[0624/163528.055:ERROR:process_memory_win.cc(73)] ReadMemory at 0x1ddb6c434e0 of 126 bytes failed: Only part of a ReadProcessMemory or WriteProcessMemory request was completed. (0x12B)
[0624/163528.055:ERROR:process_memory_win.cc(73)] ReadMemory at 0x1ddb6c438c0 of 132 bytes failed: Only part of a ReadProcessMemory or WriteProcessMemory request was completed. (0x12B)
[0624/163528.056:ERROR:process_memory_win.cc(73)] ReadMemory at 0x1ddb6c43a50 of 64 bytes failed: Only part of a ReadProcessMemory or WriteProcessMemory request was completed. (0x12B)
[0624/163528.056:ERROR:process_memory_win.cc(73)] ReadMemory at 0x1ddb6c43aa0 of 132 bytes failed: Only part of a ReadProcessMemory or WriteProcessMemory request was completed. (0x12B)
[0624/163528.056:ERROR:process_memory_win.cc(73)] ReadMemory at 0x1ddb6c43c10 of 132 bytes failed: Only part of a ReadProcessMemory or WriteProcessMemory request was completed. (0x12B)
[0624/163528.056:ERROR:process_memory_win.cc(73)] ReadMemory at 0x1ddb6c43eb0 of 132 bytes failed: Only part of a ReadProcessMemory or WriteProcessMemory request was completed. (0x12B)
[0624/163528.057:ERROR:process_memory_win.cc(73)] ReadMemory at 0x1ddb6c44040 of 68 bytes failed: Only part of a ReadProcessMemory or WriteProcessMemory request was completed. (0x12B)
[0624/163528.057:ERROR:process_memory_win.cc(73)] ReadMemory at 0x1ddb6c45200 of 132 bytes failed: Only part of a ReadProcessMemory or WriteProcessMemory request was completed. (0x12B)
[0624/163528.057:ERROR:process_memory_win.cc(73)] ReadMemory at 0x1ddb6c45390 of 154 bytes failed: Only part of a ReadProcessMemory or WriteProcessMemory request was completed. (0x12B)
[0624/163528.057:ERROR:process_memory_win.cc(73)] ReadMemory at 0x1ddb6c460c0 of 132 bytes failed: Only part of a ReadProcessMemory or WriteProcessMemory request was completed. (0x12B)
[0624/163528.057:ERROR:process_memory_win.cc(73)] ReadMemory at 0x1ddb6c46370 of 132 bytes failed: Only part of a ReadProcessMemory or WriteProcessMemory request was completed. (0x12B)
[0624/163528.058:ERROR:process_memory_win.cc(73)] ReadMemory at 0x1ddb6c46500 of 60 bytes failed: Only part of a ReadProcessMemory or WriteProcessMemory request was completed. (0x12B)
[0624/163528.058:ERROR:process_memory_win.cc(73)] ReadMemory at 0x1ddb6c46f60 of 62 bytes failed: Only part of a ReadProcessMemory or WriteProcessMemory request was completed. (0x12B)
[0624/163528.058:ERROR:process_memory_win.cc(73)] ReadMemory at 0x1ddb6c4a6e0 of 132 bytes failed: Only part of a ReadProcessMemory or WriteProcessMemory request was completed. (0x12B)
[0624/163528.058:ERROR:process_memory_win.cc(73)] ReadMemory at 0x1ddb6c4a8f0 of 132 bytes failed: Only part of a ReadProcessMemory or WriteProcessMemory request was completed. (0x12B)
[0624/163528.058:ERROR:process_memory_win.cc(73)] ReadMemory at 0x1ddb6c4abf0 of 60 bytes failed: Only part of a ReadProcessMemory or WriteProcessMemory request was completed. (0x12B)
[0624/163528.058:ERROR:process_memory_win.cc(73)] ReadMemory at 0x1ddb6c4af60 of 60 bytes failed: Only part of a ReadProcessMemory or WriteProcessMemory request was completed. (0x12B)
[0624/163528.058:ERROR:process_memory_win.cc(73)] ReadMemory at 0x1ddb6c4afb0 of 64 bytes failed: Only part of a ReadProcessMemory or WriteProcessMemory request was completed. (0x12B)
[0624/163528.058:ERROR:process_memory_win.cc(73)] ReadMemory at 0x1ddb6c4b000 of 66 bytes failed: Only part of a ReadProcessMemory or WriteProcessMemory request was completed. (0x12B)
[0624/163528.059:ERROR:process_memory_win.cc(73)] ReadMemory at 0x1ddb6c4b0a0 of 64 bytes failed: Only part of a ReadProcessMemory or WriteProcessMemory request was completed. (0x12B)
[0624/163528.059:ERROR:process_memory_win.cc(73)] ReadMemory at 0x1ddb6c4b140 of 62 bytes failed: Only part of a ReadProcessMemory or WriteProcessMemory request was completed. (0x12B)
[0624/163528.059:ERROR:process_memory_win.cc(73)] ReadMemory at 0x1ddb6c4b1e0 of 64 bytes failed: Only part of a ReadProcessMemory or WriteProcessMemory request was completed. (0x12B)
[0624/163528.059:ERROR:process_memory_win.cc(73)] ReadMemory at 0x1ddb6c4b230 of 64 bytes failed: Only part of a ReadProcessMemory or WriteProcessMemory request was completed. (0x12B)
[0624/163528.059:ERROR:process_memory_win.cc(73)] ReadMemory at 0x1ddb6c4b280 of 62 bytes failed: Only part of a ReadProcessMemory or WriteProcessMemory request was completed. (0x12B)
[0624/163528.059:ERROR:process_memory_win.cc(73)] ReadMemory at 0x1ddb6c4b860 of 132 bytes failed: Only part of a ReadProcessMemory or WriteProcessMemory request was completed. (0x12B)
[0624/163528.059:ERROR:process_memory_win.cc(73)] ReadMemory at 0x1ddb6c4b990 of 132 bytes failed: Only part of a ReadProcessMemory or WriteProcessMemory request was completed. (0x12B)
[0624/163528.060:ERROR:process_memory_win.cc(73)] ReadMemory at 0x1ddb6c4bb20 of 80 bytes failed: Only part of a ReadProcessMemory or WriteProcessMemory request was completed. (0x12B)
[0624/163528.060:ERROR:process_memory_win.cc(73)] ReadMemory at 0x1ddb6c4c090 of 76 bytes failed: Only part of a ReadProcessMemory or WriteProcessMemory request was completed. (0x12B)
[0624/163528.060:ERROR:process_memory_win.cc(73)] ReadMemory at 0x1ddb6c4ca50 of 80 bytes failed: Only part of a ReadProcessMemory or WriteProcessMemory request was completed. (0x12B)
[0624/163528.060:ERROR:process_memory_win.cc(73)] ReadMemory at 0x1ddb6c4cb10 of 78 bytes failed: Only part of a ReadProcessMemory or WriteProcessMemory request was completed. (0x12B)
[0624/163528.060:ERROR:process_memory_win.cc(73)] ReadMemory at 0x1ddb6c4e7b0 of 132 bytes failed: Only part of a ReadProcessMemory or WriteProcessMemory request was completed. (0x12B)
[0624/163528.060:ERROR:process_memory_win.cc(73)] ReadMemory at 0x1ddb6c4e8e0 of 146 bytes failed: Only part of a ReadProcessMemory or WriteProcessMemory request was completed. (0x12B)
[0624/163528.060:ERROR:process_memory_win.cc(73)] ReadMemory at 0x1ddb6c4ffb0 of 132 bytes failed: Only part of a ReadProcessMemory or WriteProcessMemory request was completed. (0x12B)
[0624/163528.061:ERROR:process_memory_win.cc(73)] ReadMemory at 0x1ddb6c500e0 of 132 bytes failed: Only part of a ReadProcessMemory or WriteProcessMemory request was completed. (0x12B)
[0624/163528.061:ERROR:process_memory_win.cc(73)] ReadMemory at 0x1ddb6c50340 of 132 bytes failed: Only part of a ReadProcessMemory or WriteProcessMemory request was completed. (0x12B)
[0624/163528.061:ERROR:process_memory_win.cc(73)] ReadMemory at 0x1ddb6c50470 of 132 bytes failed: Only part of a ReadProcessMemory or WriteProcessMemory request was completed. (0x12B)
[0624/163528.061:ERROR:process_memory_win.cc(73)] ReadMemory at 0x1ddb6c505a0 of 132 bytes failed: Only part of a ReadProcessMemory or WriteProcessMemory request was completed. (0x12B)
[0624/163528.061:ERROR:process_memory_win.cc(73)] ReadMemory at 0x1ddb6c506d0 of 132 bytes failed: Only part of a ReadProcessMemory or WriteProcessMemory request was completed. (0x12B)
[0624/163528.061:ERROR:process_memory_win.cc(73)] ReadMemory at 0x1ddb6c50800 of 132 bytes failed: Only part of a ReadProcessMemory or WriteProcessMemory request was completed. (0x12B)
[0624/163528.061:ERROR:process_memory_win.cc(73)] ReadMemory at 0x1ddb6c50930 of 132 bytes failed: Only part of a ReadProcessMemory or WriteProcessMemory request was completed. (0x12B)
[0624/163528.062:ERROR:process_memory_win.cc(73)] ReadMemory at 0x1ddb6c50a60 of 132 bytes failed: Only part of a ReadProcessMemory or WriteProcessMemory request was completed. (0x12B)
[0624/163528.062:ERROR:process_memory_win.cc(73)] ReadMemory at 0x1ddb6c50b90 of 132 bytes failed: Only part of a ReadProcessMemory or WriteProcessMemory request was completed. (0x12B)
[0624/163528.062:ERROR:process_memory_win.cc(73)] ReadMemory at 0x1ddb6c50cc0 of 132 bytes failed: Only part of a ReadProcessMemory or WriteProcessMemory request was completed. (0x12B)
[0624/163528.062:ERROR:process_memory_win.cc(73)] ReadMemory at 0x1ddb6c50df0 of 132 bytes failed: Only part of a ReadProcessMemory or WriteProcessMemory request was completed. (0x12B)
[0624/163528.062:ERROR:process_memory_win.cc(73)] ReadMemory at 0x1ddb6c53060 of 132 bytes failed: Only part of a ReadProcessMemory or WriteProcessMemory request was completed. (0x12B)
[0624/163528.062:ERROR:process_memory_win.cc(73)] ReadMemory at 0x1ddb6c55200 of 54 bytes failed: Only part of a ReadProcessMemory or WriteProcessMemory request was completed. (0x12B)
[0624/163528.063:ERROR:process_memory_win.cc(73)] ReadMemory at 0x1ddb6c55bc0 of 132 bytes failed: Only part of a ReadProcessMemory or WriteProcessMemory request was completed. (0x12B)
[0624/163528.063:ERROR:process_memory_win.cc(73)] ReadMemory at 0x1ddb6c55de0 of 132 bytes failed: Only part of a ReadProcessMemory or WriteProcessMemory request was completed. (0x12B)
[0624/163528.063:ERROR:process_memory_win.cc(73)] ReadMemory at 0x1ddb6c56140 of 60 bytes failed: Only part of a ReadProcessMemory or WriteProcessMemory request was completed. (0x12B)
[0624/163528.063:ERROR:process_memory_win.cc(73)] ReadMemory at 0x1ddb6c56280 of 62 bytes failed: Only part of a ReadProcessMemory or WriteProcessMemory request was completed. (0x12B)
[0624/163528.063:ERROR:process_memory_win.cc(73)] ReadMemory at 0x1ddb6c56320 of 64 bytes failed: Only part of a ReadProcessMemory or WriteProcessMemory request was completed. (0x12B)
[0624/163528.063:ERROR:process_memory_win.cc(73)] ReadMemory at 0x1ddb6c563c0 of 62 bytes failed: Only part of a ReadProcessMemory or WriteProcessMemory request was completed. (0x12B)
[0624/163528.063:ERROR:process_memory_win.cc(73)] ReadMemory at 0x1ddb6c56410 of 66 bytes failed: Only part of a ReadProcessMemory or WriteProcessMemory request was completed. (0x12B)
[0624/163528.064:ERROR:process_memory_win.cc(73)] ReadMemory at 0x1ddb6c56500 of 64 bytes failed: Only part of a ReadProcessMemory or WriteProcessMemory request was completed. (0x12B)
[0624/163528.064:ERROR:process_memory_win.cc(73)] ReadMemory at 0x1ddb6c56550 of 60 bytes failed: Only part of a ReadProcessMemory or WriteProcessMemory request was completed. (0x12B)
[0624/163528.064:ERROR:process_memory_win.cc(73)] ReadMemory at 0x1ddb6c565f0 of 62 bytes failed: Only part of a ReadProcessMemory or WriteProcessMemory request was completed. (0x12B)
[0624/163528.064:ERROR:process_memory_win.cc(73)] ReadMemory at 0x1ddb6c56640 of 62 bytes failed: Only part of a ReadProcessMemory or WriteProcessMemory request was completed. (0x12B)
[0624/163528.064:ERROR:process_memory_win.cc(73)] ReadMemory at 0x1ddb6c56870 of 58 bytes failed: Only part of a ReadProcessMemory or WriteProcessMemory request was completed. (0x12B)
[0624/163528.065:ERROR:process_memory_win.cc(73)] ReadMemory at 0x1ddb6c568c0 of 62 bytes failed: Only part of a ReadProcessMemory or WriteProcessMemory request was completed. (0x12B)
[0624/163528.065:ERROR:process_memory_win.cc(73)] ReadMemory at 0x1ddb6c56910 of 62 bytes failed: Only part of a ReadProcessMemory or WriteProcessMemory request was completed. (0x12B)
[0624/163528.065:ERROR:process_memory_win.cc(73)] ReadMemory at 0x1ddb6c56a50 of 64 bytes failed: Only part of a ReadProcessMemory or WriteProcessMemory request was completed. (0x12B)
[0624/163528.065:ERROR:process_memory_win.cc(73)] ReadMemory at 0x1ddb6c56aa0 of 60 bytes failed: Only part of a ReadProcessMemory or WriteProcessMemory request was completed. (0x12B)
[0624/163528.065:ERROR:process_memory_win.cc(73)] ReadMemory at 0x1ddb6c56b40 of 62 bytes failed: Only part of a ReadProcessMemory or WriteProcessMemory request was completed. (0x12B)
[0624/163528.065:ERROR:process_memory_win.cc(73)] ReadMemory at 0x1ddb6c56be0 of 60 bytes failed: Only part of a ReadProcessMemory or WriteProcessMemory request was completed. (0x12B)
[0624/163528.066:ERROR:process_memory_win.cc(73)] ReadMemory at 0x1ddb6c56dc0 of 64 bytes failed: Only part of a ReadProcessMemory or WriteProcessMemory request was completed. (0x12B)
[0624/163528.066:ERROR:process_memory_win.cc(73)] ReadMemory at 0x1ddb6c56e10 of 62 bytes failed: Only part of a ReadProcessMemory or WriteProcessMemory request was completed. (0x12B)
[0624/163528.066:ERROR:process_memory_win.cc(73)] ReadMemory at 0x1ddb6c56eb0 of 62 bytes failed: Only part of a ReadProcessMemory or WriteProcessMemory request was completed. (0x12B)
[0624/163528.066:ERROR:process_memory_win.cc(73)] ReadMemory at 0x1ddb6c56f70 of 132 bytes failed: Only part of a ReadProcessMemory or WriteProcessMemory request was completed. (0x12B)
[0624/163528.066:ERROR:process_memory_win.cc(73)] ReadMemory at 0x1ddb6c571d0 of 132 bytes failed: Only part of a ReadProcessMemory or WriteProcessMemory request was completed. (0x12B)
[0624/163528.066:ERROR:process_memory_win.cc(73)] ReadMemory at 0x1ddb6c57300 of 132 bytes failed: Only part of a ReadProcessMemory or WriteProcessMemory request was completed. (0x12B)
[0624/163528.066:ERROR:process_memory_win.cc(73)] ReadMemory at 0x1ddb6c57430 of 132 bytes failed: Only part of a ReadProcessMemory or WriteProcessMemory request was completed. (0x12B)
[0624/163528.067:ERROR:process_memory_win.cc(73)] ReadMemory at 0x1ddb6c57560 of 132 bytes failed: Only part of a ReadProcessMemory or WriteProcessMemory request was completed. (0x12B)
[0624/163528.067:ERROR:process_memory_win.cc(73)] ReadMemory at 0x1ddb6c57690 of 132 bytes failed: Only part of a ReadProcessMemory or WriteProcessMemory request was completed. (0x12B)
[0624/163528.067:ERROR:process_memory_win.cc(73)] ReadMemory at 0x1ddb6c577c0 of 132 bytes failed: Only part of a ReadProcessMemory or WriteProcessMemory request was completed. (0x12B)
[0624/163528.067:ERROR:process_memory_win.cc(73)] ReadMemory at 0x1ddb6c578f0 of 132 bytes failed: Only part of a ReadProcessMemory or WriteProcessMemory request was completed. (0x12B)
[0624/163528.067:ERROR:process_memory_win.cc(73)] ReadMemory at 0x1ddb6c57a20 of 132 bytes failed: Only part of a ReadProcessMemory or WriteProcessMemory request was completed. (0x12B)
[0624/163528.067:ERROR:process_memory_win.cc(73)] ReadMemory at 0x1ddb6c57b50 of 132 bytes failed: Only part of a ReadProcessMemory or WriteProcessMemory request was completed. (0x12B)
[0624/163528.068:ERROR:process_memory_win.cc(73)] ReadMemory at 0x1ddb6c57c80 of 132 bytes failed: Only part of a ReadProcessMemory or WriteProcessMemory request was completed. (0x12B)
[0624/163528.068:ERROR:process_memory_win.cc(73)] ReadMemory at 0x1ddb6c57db0 of 132 bytes failed: Only part of a ReadProcessMemory or WriteProcessMemory request was completed. (0x12B)
[0624/163528.068:ERROR:process_memory_win.cc(73)] ReadMemory at 0x1ddb6c57ee0 of 132 bytes failed: Only part of a ReadProcessMemory or WriteProcessMemory request was completed. (0x12B)
[0624/163528.068:ERROR:process_memory_win.cc(73)] ReadMemory at 0x1ddb6c58010 of 132 bytes failed: Only part of a ReadProcessMemory or WriteProcessMemory request was completed. (0x12B)
[0624/163528.068:ERROR:process_memory_win.cc(73)] ReadMemory at 0x1ddb6c58140 of 132 bytes failed: Only part of a ReadProcessMemory or WriteProcessMemory request was completed. (0x12B)
[0624/163528.068:ERROR:process_memory_win.cc(73)] ReadMemory at 0x1ddb6c58270 of 132 bytes failed: Only part of a ReadProcessMemory or WriteProcessMemory request was completed. (0x12B)
[0624/163528.068:ERROR:process_memory_win.cc(73)] ReadMemory at 0x1ddb6c583a0 of 132 bytes failed: Only part of a ReadProcessMemory or WriteProcessMemory request was completed. (0x12B)
[0624/163528.069:ERROR:process_memory_win.cc(73)] ReadMemory at 0x1ddb6c58730 of 132 bytes failed: Only part of a ReadProcessMemory or WriteProcessMemory request was completed. (0x12B)
[0624/163528.069:ERROR:process_memory_win.cc(73)] ReadMemory at 0x1ddb6c58860 of 132 bytes failed: Only part of a ReadProcessMemory or WriteProcessMemory request was completed. (0x12B)
[0624/163528.069:ERROR:process_memory_win.cc(73)] ReadMemory at 0x1ddb6c58990 of 132 bytes failed: Only part of a ReadProcessMemory or WriteProcessMemory request was completed. (0x12B)
[0624/163528.069:ERROR:process_memory_win.cc(73)] ReadMemory at 0x1ddb6c58d20 of 132 bytes failed: Only part of a ReadProcessMemory or WriteProcessMemory request was completed. (0x12B)
[0624/163528.069:ERROR:process_memory_win.cc(73)] ReadMemory at 0x1ddb6c6ce10 of 62 bytes failed: Only part of a ReadProcessMemory or WriteProcessMemory request was completed. (0x12B)
[0624/163528.069:ERROR:process_memory_win.cc(73)] ReadMemory at 0x1ddb6c6d130 of 58 bytes failed: Only part of a ReadProcessMemory or WriteProcessMemory request was completed. (0x12B)
[0624/163528.070:ERROR:process_memory_win.cc(73)] ReadMemory at 0x1ddb6c6d1d0 of 64 bytes failed: Only part of a ReadProcessMemory or WriteProcessMemory request was completed. (0x12B)
[0624/163528.070:ERROR:process_memory_win.cc(73)] ReadMemory at 0x1ddb6c6d270 of 58 bytes failed: Only part of a ReadProcessMemory or WriteProcessMemory request was completed. (0x12B)
[0624/163528.070:ERROR:process_memory_win.cc(73)] ReadMemory at 0x1ddb6c6d2c0 of 62 bytes failed: Only part of a ReadProcessMemory or WriteProcessMemory request was completed. (0x12B)
[0624/163528.070:ERROR:process_memory_win.cc(73)] ReadMemory at 0x1ddb6c6d770 of 60 bytes failed: Only part of a ReadProcessMemory or WriteProcessMemory request was completed. (0x12B)
[0624/163528.070:ERROR:process_memory_win.cc(73)] ReadMemory at 0x1ddb6c6d810 of 58 bytes failed: Only part of a ReadProcessMemory or WriteProcessMemory request was completed. (0x12B)
[0624/163528.070:ERROR:process_memory_win.cc(73)] ReadMemory at 0x1ddb6c6d9a0 of 60 bytes failed: Only part of a ReadProcessMemory or WriteProcessMemory request was completed. (0x12B)
[0624/163528.071:ERROR:process_memory_win.cc(73)] ReadMemory at 0x1ddb6c6d9f0 of 66 bytes failed: Only part of a ReadProcessMemory or WriteProcessMemory request was completed. (0x12B)
[0624/163528.071:ERROR:process_memory_win.cc(73)] ReadMemory at 0x1ddb6c758a0 of 512 bytes failed: Only part of a ReadProcessMemory or WriteProcessMemory request was completed. (0x12B)
[0624/163528.071:ERROR:process_memory_win.cc(73)] ReadMemory at 0x1ddb6c77f00 of 592 bytes failed: Only part of a ReadProcessMemory or WriteProcessMemory request was completed. (0x12B)
[0624/163528.071:ERROR:process_memory_win.cc(73)] ReadMemory at 0x1ddb6c7e830 of 512 bytes failed: Only part of a ReadProcessMemory or WriteProcessMemory request was completed. (0x12B)
[0624/163528.071:ERROR:process_memory_win.cc(73)] ReadMemory at 0x1ddb7210dc0 of 512 bytes failed: Only part of a ReadProcessMemory or WriteProcessMemory request was completed. (0x12B)
[0624/163528.072:ERROR:process_memory_win.cc(73)] ReadMemory at 0x1ddb7212140 of 512 bytes failed: Only part of a ReadProcessMemory or WriteProcessMemory request was completed. (0x12B)
[0624/163528.072:ERROR:process_memory_win.cc(73)] ReadMemory at 0x1ddb72c0000 of 384 bytes failed: Only part of a ReadProcessMemory or WriteProcessMemory request was completed. (0x12B)
[0624/163528.072:ERROR:process_memory_win.cc(73)] ReadMemory at 0x1ddb72ef1b0 of 512 bytes failed: Only part of a ReadProcessMemory or WriteProcessMemory request was completed. (0x12B)
[0624/163528.072:ERROR:process_memory_win.cc(73)] ReadMemory at 0x1ddb73077f0 of 712 bytes failed: Only part of a ReadProcessMemory or WriteProcessMemory request was completed. (0x12B)
[0624/163528.072:ERROR:process_memory_win.cc(73)] ReadMemory at 0x1ddb73091d0 of 512 bytes failed: Only part of a ReadProcessMemory or WriteProcessMemory request was completed. (0x12B)
[0624/163528.073:ERROR:process_memory_win.cc(73)] ReadMemory at 0x1ddb730b350 of 512 bytes failed: Only part of a ReadProcessMemory or WriteProcessMemory request was completed. (0x12B)
[0624/163528.073:ERROR:process_memory_win.cc(73)] ReadMemory at 0x1ddb7381ee0 of 512 bytes failed: Only part of a ReadProcessMemory or WriteProcessMemory request was completed. (0x12B)
[0624/163528.073:ERROR:process_memory_win.cc(73)] ReadMemory at 0x1ddb7386490 of 512 bytes failed: Only part of a ReadProcessMemory or WriteProcessMemory request was completed. (0x12B)
[0624/163528.073:ERROR:process_memory_win.cc(73)] ReadMemory at 0x1ddb73a1880 of 512 bytes failed: Only part of a ReadProcessMemory or WriteProcessMemory request was completed. (0x12B)
[0624/163528.073:ERROR:process_memory_win.cc(73)] ReadMemory at 0x1ddb8d50000 of 384 bytes failed: Only part of a ReadProcessMemory or WriteProcessMemory request was completed. (0x12B)
[0624/163528.073:ERROR:process_memory_win.cc(73)] ReadMemory at 0x49ba4c088be8 of 512 bytes failed: Only part of a ReadProcessMemory or WriteProcessMemory request was completed. (0x12B)
[0624/163528.073:ERROR:process_memory_win.cc(73)] ReadMemory at 0x7ffb4a938cfc of 512 bytes failed: Only part of a ReadProcessMemory or WriteProcessMemory request was completed. (0x12B)
[0624/163528.074:ERROR:process_memory_win.cc(73)] ReadMemory at 0x7ffb4b8667e1 of 512 bytes failed: Only part of a ReadProcessMemory or WriteProcessMemory request was completed. (0x12B)
[0624/163528.074:ERROR:process_memory_win.cc(73)] ReadMemory at 0x7ffb4faba568 of 512 bytes failed: Only part of a ReadProcessMemory or WriteProcessMemory request was completed. (0x12B)
[0624/163528.074:ERROR:process_memory_win.cc(73)] ReadMemory at 0x7ffbb63cc6e0 of 512 bytes failed: Only part of a ReadProcessMemory or WriteProcessMemory request was completed. (0x12B)
[0624/163528.074:ERROR:process_memory_win.cc(73)] ReadMemory at 0x7ffbb83fc074 of 672 bytes failed: Only part of a ReadProcessMemory or WriteProcessMemory request was completed. (0x12B)
[0624/163528.074:ERROR:process_memory_win.cc(73)] ReadMemory at 0x7ffbb83fc674 of 512 bytes failed: Only part of a ReadProcessMemory or WriteProcessMemory request was completed. (0x12B)
[0624/163528.075:ERROR:process_memory_win.cc(73)] ReadMemory at 0x7ffbb83ff924 of 608 bytes failed: Only part of a ReadProcessMemory or WriteProcessMemory request was completed. (0x12B)
[0624/163528.075:ERROR:process_memory_win.cc(73)] ReadMemory at 0x7ffbb848c428 of 18 bytes failed: Only part of a ReadProcessMemory or WriteProcessMemory request was completed. (0x12B)
[0624/163528.075:ERROR:process_memory_win.cc(73)] ReadMemory at 0x7ffbb84bf4f8 of 40 bytes failed: Only part of a ReadProcessMemory or WriteProcessMemory request was completed. (0x12B)
[0624/163528.075:ERROR:process_memory_win.cc(73)] ReadMemory at 0x7ffbb84bf978 of 48 bytes failed: Only part of a ReadProcessMemory or WriteProcessMemory request was completed. (0x12B)
[0624/163528.075:ERROR:process_memory_win.cc(73)] ReadMemory at 0x7ffbb84c53c0 of 64 bytes failed: Only part of a ReadProcessMemory or WriteProcessMemory request was completed. (0x12B)
[0624/163528.077:ERROR:scoped_process_suspend.cc(40)] NtResumeProcess: An attempt was made to access an exiting process. (0xc000010a)
[0624/163528.079:ERROR:crash_report_database_win.cc(469)] failed to stat report
